app/build/outputs/logs/manifest-merger-release-report.txt
-- Merging decision tree log ---
manifest
ADDED from src\main\AndroidManifest.xml:2:1-36:12
INJECTED from src\main\AndroidManifest.xml:2:1-36:12
INJECTED from src\main\AndroidManifest.xml:2:1-36:12
INJECTED from src\main\AndroidManifest.xml:2:1-36:12
INJECTED from src\main\AndroidManifest.xml:2:1-36:12
INJECTED from src\main\AndroidManifest.xml:2:1-36:12
INJECTED from src\main\AndroidManifest.xml:2:1-36:12
	package
		ADDED from src\main\AndroidManifest.xml:3:5-39
		INJECTED from src\main\AndroidManifest.xml
		INJECTED from src\main\AndroidManifest.xml
	android:versionName
		ADDED from src\main\AndroidManifest.xml:6:5-30
		INJECTED from src\main\AndroidManifest.xml
		INJECTED from src\main\AndroidManifest.xml
	xmlns:android
		ADDED from src\main\AndroidManifest.xml:2:11-69
	android:versionCode
		ADDED from src\main\AndroidManifest.xml:5:5-28
		INJECTED from src\main\AndroidManifest.xml
		INJECTED from src\main\AndroidManifest.xml
	android:installLocation
		ADDED from src\main\AndroidManifest.xml:4:5-35
uses-sdk
ADDED from src\main\AndroidManifest.xml:8:5-10:41
INJECTED from src\main\AndroidManifest.xml:8:5-10:41
INJECTED from src\main\AndroidManifest.xml:8:5-10:41
INJECTED from src\main\AndroidManifest.xml:8:5-10:41
INJECTED from src\main\AndroidManifest.xml:8:5-10:41
	android:targetSdkVersion
		ADDED from src\main\AndroidManifest.xml:10:9-38
		INJECTED from src\main\AndroidManifest.xml
		INJECTED from src\main\AndroidManifest.xml
	android:minSdkVersion
		ADDED from src\main\AndroidManifest.xml:9:9-35
		INJECTED from src\main\AndroidManifest.xml
		INJECTED from src\main\AndroidManifest.xml
uses-permission#android.permission.BLUETOOTH
ADDED from src\main\AndroidManifest.xml:12:5-67
	android:name
		ADDED from src\main\AndroidManifest.xml:12:22-65
uses-permission#android.permission.BLUETOOTH_ADMIN
ADDED from src\main\AndroidManifest.xml:13:5-73
	android:name
		ADDED from src\main\AndroidManifest.xml:13:22-71
uses-feature#android.hardware.bluetooth_le
ADDED from src\main\AndroidManifest.xml:14:5-89
	android:required
		ADDED from src\main\AndroidManifest.xml:14:64-87
	android:name
		ADDED from src\main\AndroidManifest.xml:14:19-63
application
ADDED from src\main\AndroidManifest.xml:16:5-34:19
	android:label
		ADDED from src\main\AndroidManifest.xml:19:9-41
	android:icon
		ADDED from src\main\AndroidManifest.xml:18:9-45
	android:allowBackup
		ADDED from src\main\AndroidManifest.xml:17:9-35
	android:theme
		ADDED from src\main\AndroidManifest.xml:20:9-56
activity#com.example.bluetooth.le.DeviceScanActivity
ADDED from src\main\AndroidManifest.xml:21:9-28:20
	android:label
		ADDED from src\main\AndroidManifest.xml:23:13-45
	android:name
		ADDED from src\main\AndroidManifest.xml:22:13-71
intent-filter#action:name:android.intent.action.MAIN+category:name:android.intent.category.LAUNCHER
ADDED from src\main\AndroidManifest.xml:24:13-27:29
action#android.intent.action.MAIN
ADDED from src\main\AndroidManifest.xml:25:17-69
	android:name
		ADDED from src\main\AndroidManifest.xml:25:25-66
category#android.intent.category.LAUNCHER
ADDED from src\main\AndroidManifest.xml:26:17-77
	android:name
		ADDED from src\main\AndroidManifest.xml:26:27-74
activity#com.example.bluetooth.le.DeviceControlActivity
ADDED from src\main\AndroidManifest.xml:30:10-59
	android:name
		ADDED from src\main\AndroidManifest.xml:30:20-57
activity#com.example.bluetooth.le.MainActivity
ADDED from src\main\AndroidManifest.xml:31:10-50
	android:name
		ADDED from src\main\AndroidManifest.xml:31:20-48
service#com.example.bluetooth.le.BluetoothLeService
ADDED from src\main\AndroidManifest.xml:32:9-77
	android:enabled
		ADDED from src\main\AndroidManifest.xml:32:53-75
	android:name
		ADDED from src\main\AndroidManifest.xml:32:18-52